{"/Users/admin/Documents/sites/Fullstack-React-Node-Test/backend/src/app.ts": {"path":"/Users/admin/Documents/sites/Fullstack-React-Node-Test/backend/src/app.ts","statementMap":{"0":{"start":{"line":1,"column":0},"end":{"line":1,"column":30}},"1":{"start":{"line":2,"column":0},"end":{"line":2,"column":23}},"2":{"start":{"line":3,"column":0},"end":{"line":3,"column":35}},"3":{"start":{"line":4,"column":0},"end":{"line":4,"column":44}},"4":{"start":{"line":7,"column":12},"end":{"line":7,"column":21}},"5":{"start":{"line":9,"column":0},"end":{"line":9,"column":null}},"6":{"start":{"line":10,"column":0},"end":{"line":10,"column":24}},"7":{"start":{"line":11,"column":0},"end":{"line":11,"column":26}},"8":{"start":{"line":13,"column":0},"end":{"line":13,"column":null}},"9":{"start":{"line":15,"column":0},"end":{"line":15,"column":19}}},"fnMap":{},"branchMap":{},"s":{"0":5,"1":5,"2":5,"3":5,"4":5,"5":5,"6":5,"7":5,"8":5,"9":5},"f":{},"b":{}}
,"/Users/admin/Documents/sites/Fullstack-React-Node-Test/backend/src/client.ts": {"path":"/Users/admin/Documents/sites/Fullstack-React-Node-Test/backend/src/client.ts","statementMap":{"0":{"start":{"line":1,"column":0},"end":{"line":1,"column":46}},"1":{"start":{"line":3,"column":15},"end":{"line":3,"column":33}},"2":{"start":{"line":5,"column":0},"end":{"line":5,"column":22}}},"fnMap":{},"branchMap":{},"s":{"0":0,"1":0,"2":0},"f":{},"b":{}}
,"/Users/admin/Documents/sites/Fullstack-React-Node-Test/backend/src/errorHandler.ts": {"path":"/Users/admin/Documents/sites/Fullstack-React-Node-Test/backend/src/errorHandler.ts","statementMap":{"0":{"start":{"line":2,"column":0},"end":{"line":2,"column":79}},"1":{"start":{"line":4,"column":28},"end":{"line":33,"column":1}},"2":{"start":{"line":10,"column":4},"end":{"line":10,"column":42}},"3":{"start":{"line":10,"column":25},"end":{"line":10,"column":42}},"4":{"start":{"line":11,"column":4},"end":{"line":11,"column":null}},"5":{"start":{"line":13,"column":4},"end":{"line":28,"column":5}},"6":{"start":{"line":14,"column":8},"end":{"line":18,"column":9}},"7":{"start":{"line":15,"column":12},"end":{"line":17,"column":15}},"8":{"start":{"line":19,"column":8},"end":{"line":23,"column":9}},"9":{"start":{"line":20,"column":12},"end":{"line":22,"column":15}},"10":{"start":{"line":25,"column":8},"end":{"line":27,"column":11}},"11":{"start":{"line":30,"column":4},"end":{"line":32,"column":7}},"12":{"start":{"line":4,"column":13},"end":{"line":4,"column":28}}},"fnMap":{"0":{"name":"(anonymous_0)","decl":{"start":{"line":4,"column":28},"end":{"line":4,"column":null}},"loc":{"start":{"line":9,"column":4},"end":{"line":33,"column":1}}}},"branchMap":{"0":{"loc":{"start":{"line":10,"column":4},"end":{"line":10,"column":42}},"type":"if","locations":[{"start":{"line":10,"column":4},"end":{"line":10,"column":42}},{"start":{},"end":{}}]},"1":{"loc":{"start":{"line":13,"column":4},"end":{"line":28,"column":5}},"type":"if","locations":[{"start":{"line":13,"column":4},"end":{"line":28,"column":5}},{"start":{},"end":{}}]},"2":{"loc":{"start":{"line":14,"column":8},"end":{"line":18,"column":9}},"type":"if","locations":[{"start":{"line":14,"column":8},"end":{"line":18,"column":9}},{"start":{},"end":{}}]},"3":{"loc":{"start":{"line":19,"column":8},"end":{"line":23,"column":9}},"type":"if","locations":[{"start":{"line":19,"column":8},"end":{"line":23,"column":9}},{"start":{},"end":{}}]}},"s":{"0":5,"1":5,"2":3,"3":0,"4":3,"5":3,"6":1,"7":0,"8":1,"9":1,"10":0,"11":2,"12":5},"f":{"0":3},"b":{"0":[0,3],"1":[1,2],"2":[0,1],"3":[1,0]}}
,"/Users/admin/Documents/sites/Fullstack-React-Node-Test/backend/src/controllers/auth.controller.ts": {"path":"/Users/admin/Documents/sites/Fullstack-React-Node-Test/backend/src/controllers/auth.controller.ts","statementMap":{"0":{"start":{"line":5,"column":0},"end":{"line":5,"column":7}},"1":{"start":{"line":1,"column":0},"end":{"line":1,"column":58}},"2":{"start":{"line":2,"column":0},"end":{"line":2,"column":30}},"3":{"start":{"line":3,"column":0},"end":{"line":3,"column":43}},"4":{"start":{"line":6,"column":17},"end":{"line":6,"column":55}},"5":{"start":{"line":8,"column":4},"end":{"line":10,"column":5}},"6":{"start":{"line":9,"column":8},"end":{"line":9,"column":42}},"7":{"start":{"line":12,"column":18},"end":{"line":12,"column":62}},"8":{"start":{"line":14,"column":4},"end":{"line":16,"column":5}},"9":{"start":{"line":15,"column":8},"end":{"line":15,"column":44}},"10":{"start":{"line":18,"column":18},"end":{"line":18,"column":50}},"11":{"start":{"line":20,"column":4},"end":{"line":20,"column":null}}},"fnMap":{"0":{"name":"loginUser","decl":{"start":{"line":5,"column":22},"end":{"line":5,"column":31}},"loc":{"start":{"line":5,"column":73},"end":{"line":21,"column":1}}}},"branchMap":{"0":{"loc":{"start":{"line":8,"column":4},"end":{"line":10,"column":5}},"type":"if","locations":[{"start":{"line":8,"column":4},"end":{"line":10,"column":5}},{"start":{},"end":{}}]},"1":{"loc":{"start":{"line":14,"column":4},"end":{"line":16,"column":5}},"type":"if","locations":[{"start":{"line":14,"column":4},"end":{"line":16,"column":5}},{"start":{},"end":{}}]}},"s":{"0":5,"1":5,"2":5,"3":5,"4":5,"5":5,"6":1,"7":4,"8":4,"9":0,"10":4,"11":4},"f":{"0":5},"b":{"0":[1,4],"1":[0,4]}}
,"/Users/admin/Documents/sites/Fullstack-React-Node-Test/backend/src/controllers/task.controller.ts": {"path":"/Users/admin/Documents/sites/Fullstack-React-Node-Test/backend/src/controllers/task.controller.ts","statementMap":{"0":{"start":{"line":12,"column":0},"end":{"line":12,"column":17}},"1":{"start":{"line":18,"column":0},"end":{"line":18,"column":7}},"2":{"start":{"line":22,"column":0},"end":{"line":22,"column":16}},"3":{"start":{"line":26,"column":0},"end":{"line":26,"column":16}},"4":{"start":{"line":31,"column":0},"end":{"line":31,"column":16}},"5":{"start":{"line":35,"column":0},"end":{"line":35,"column":16}},"6":{"start":{"line":2,"column":0},"end":{"line":2,"column":null}},"7":{"start":{"line":13,"column":4},"end":{"line":13,"column":36}},"8":{"start":{"line":15,"column":4},"end":{"line":15,"column":54}},"9":{"start":{"line":19,"column":4},"end":{"line":19,"column":31}},"10":{"start":{"line":23,"column":4},"end":{"line":23,"column":null}},"11":{"start":{"line":27,"column":4},"end":{"line":27,"column":null}},"12":{"start":{"line":28,"column":4},"end":{"line":28,"column":null}},"13":{"start":{"line":32,"column":4},"end":{"line":32,"column":null}},"14":{"start":{"line":36,"column":4},"end":{"line":36,"column":null}}},"fnMap":{"0":{"name":"createTask","decl":{"start":{"line":12,"column":17},"end":{"line":12,"column":27}},"loc":{"start":{"line":12,"column":78},"end":{"line":16,"column":1}}},"1":{"name":"getTasks","decl":{"start":{"line":18,"column":22},"end":{"line":18,"column":30}},"loc":{"start":{"line":18,"column":30},"end":{"line":20,"column":1}}},"2":{"name":"getTask","decl":{"start":{"line":22,"column":16},"end":{"line":22,"column":23}},"loc":{"start":{"line":22,"column":39},"end":{"line":24,"column":1}}},"3":{"name":"getTaskByUserId","decl":{"start":{"line":26,"column":16},"end":{"line":26,"column":31}},"loc":{"start":{"line":26,"column":47},"end":{"line":29,"column":1}}},"4":{"name":"updateTask","decl":{"start":{"line":31,"column":16},"end":{"line":31,"column":26}},"loc":{"start":{"line":31,"column":80},"end":{"line":33,"column":1}}},"5":{"name":"deleteTask","decl":{"start":{"line":35,"column":16},"end":{"line":35,"column":26}},"loc":{"start":{"line":35,"column":37},"end":{"line":37,"column":1}}}},"branchMap":{},"s":{"0":5,"1":5,"2":5,"3":5,"4":5,"5":5,"6":5,"7":2,"8":2,"9":2,"10":1,"11":2,"12":2,"13":1,"14":1},"f":{"0":2,"1":2,"2":1,"3":2,"4":1,"5":1},"b":{}}
,"/Users/admin/Documents/sites/Fullstack-React-Node-Test/backend/src/controllers/user.controller.ts": {"path":"/Users/admin/Documents/sites/Fullstack-React-Node-Test/backend/src/controllers/user.controller.ts","statementMap":{"0":{"start":{"line":13,"column":0},"end":{"line":13,"column":7}},"1":{"start":{"line":23,"column":0},"end":{"line":23,"column":7}},"2":{"start":{"line":27,"column":0},"end":{"line":27,"column":16}},"3":{"start":{"line":31,"column":0},"end":{"line":31,"column":7}},"4":{"start":{"line":47,"column":0},"end":{"line":47,"column":16}},"5":{"start":{"line":51,"column":0},"end":{"line":51,"column":16}},"6":{"start":{"line":1,"column":0},"end":{"line":1,"column":30}},"7":{"start":{"line":3,"column":0},"end":{"line":3,"column":null}},"8":{"start":{"line":10,"column":0},"end":{"line":10,"column":43}},"9":{"start":{"line":14,"column":27},"end":{"line":14,"column":58}},"10":{"start":{"line":16,"column":17},"end":{"line":16,"column":66}},"11":{"start":{"line":18,"column":18},"end":{"line":18,"column":50}},"12":{"start":{"line":20,"column":4},"end":{"line":20,"column":null}},"13":{"start":{"line":24,"column":4},"end":{"line":24,"column":31}},"14":{"start":{"line":28,"column":4},"end":{"line":28,"column":null}},"15":{"start":{"line":32,"column":17},"end":{"line":32,"column":55}},"16":{"start":{"line":34,"column":4},"end":{"line":36,"column":5}},"17":{"start":{"line":35,"column":8},"end":{"line":35,"column":42}},"18":{"start":{"line":38,"column":18},"end":{"line":38,"column":62}},"19":{"start":{"line":40,"column":18},"end":{"line":40,"column":50}},"20":{"start":{"line":42,"column":4},"end":{"line":42,"column":null}},"21":{"start":{"line":48,"column":4},"end":{"line":48,"column":null}},"22":{"start":{"line":52,"column":4},"end":{"line":52,"column":null}}},"fnMap":{"0":{"name":"createUser","decl":{"start":{"line":13,"column":22},"end":{"line":13,"column":32}},"loc":{"start":{"line":13,"column":78},"end":{"line":21,"column":1}}},"1":{"name":"getUsers","decl":{"start":{"line":23,"column":22},"end":{"line":23,"column":30}},"loc":{"start":{"line":23,"column":30},"end":{"line":25,"column":1}}},"2":{"name":"getUserById","decl":{"start":{"line":27,"column":16},"end":{"line":27,"column":27}},"loc":{"start":{"line":27,"column":43},"end":{"line":29,"column":1}}},"3":{"name":"loginUser","decl":{"start":{"line":31,"column":22},"end":{"line":31,"column":31}},"loc":{"start":{"line":31,"column":73},"end":{"line":45,"column":1}}},"4":{"name":"updateUser","decl":{"start":{"line":47,"column":16},"end":{"line":47,"column":26}},"loc":{"start":{"line":47,"column":67},"end":{"line":49,"column":1}}},"5":{"name":"deleteUser","decl":{"start":{"line":51,"column":16},"end":{"line":51,"column":26}},"loc":{"start":{"line":51,"column":37},"end":{"line":53,"column":1}}}},"branchMap":{"0":{"loc":{"start":{"line":34,"column":4},"end":{"line":36,"column":5}},"type":"if","locations":[{"start":{"line":34,"column":4},"end":{"line":36,"column":5}},{"start":{},"end":{}}]}},"s":{"0":5,"1":5,"2":5,"3":5,"4":5,"5":5,"6":5,"7":5,"8":5,"9":3,"10":3,"11":2,"12":2,"13":1,"14":1,"15":0,"16":0,"17":0,"18":0,"19":0,"20":0,"21":1,"22":1},"f":{"0":3,"1":1,"2":1,"3":0,"4":1,"5":1},"b":{"0":[0,0]}}
,"/Users/admin/Documents/sites/Fullstack-React-Node-Test/backend/src/middleware/auth.ts": {"path":"/Users/admin/Documents/sites/Fullstack-React-Node-Test/backend/src/middleware/auth.ts","statementMap":{"0":{"start":{"line":7,"column":0},"end":{"line":7,"column":16}},"1":{"start":{"line":3,"column":0},"end":{"line":3,"column":41}},"2":{"start":{"line":5,"column":19},"end":{"line":5,"column":42}},"3":{"start":{"line":8,"column":23},"end":{"line":8,"column":48}},"4":{"start":{"line":10,"column":4},"end":{"line":12,"column":5}},"5":{"start":{"line":11,"column":8},"end":{"line":11,"column":75}},"6":{"start":{"line":15,"column":18},"end":{"line":15,"column":42}},"7":{"start":{"line":16,"column":4},"end":{"line":23,"column":5}},"8":{"start":{"line":17,"column":24},"end":{"line":17,"column":64}},"9":{"start":{"line":18,"column":8},"end":{"line":18,"column":27}},"10":{"start":{"line":20,"column":8},"end":{"line":20,"column":15}},"11":{"start":{"line":22,"column":8},"end":{"line":22,"column":80}}},"fnMap":{"0":{"name":"protect","decl":{"start":{"line":7,"column":16},"end":{"line":7,"column":23}},"loc":{"start":{"line":7,"column":71},"end":{"line":24,"column":1}}}},"branchMap":{"0":{"loc":{"start":{"line":10,"column":4},"end":{"line":12,"column":5}},"type":"if","locations":[{"start":{"line":10,"column":4},"end":{"line":12,"column":5}},{"start":{},"end":{}}]}},"s":{"0":5,"1":5,"2":5,"3":28,"4":28,"5":14,"6":14,"7":14,"8":14,"9":13,"10":13,"11":1},"f":{"0":28},"b":{"0":[14,14]}}
,"/Users/admin/Documents/sites/Fullstack-React-Node-Test/backend/src/models/task.model.ts": {"path":"/Users/admin/Documents/sites/Fullstack-React-Node-Test/backend/src/models/task.model.ts","statementMap":{"0":{"start":{"line":6,"column":0},"end":{"line":6,"column":16}},"1":{"start":{"line":17,"column":0},"end":{"line":17,"column":16}},"2":{"start":{"line":21,"column":0},"end":{"line":21,"column":16}},"3":{"start":{"line":29,"column":0},"end":{"line":29,"column":16}},"4":{"start":{"line":40,"column":0},"end":{"line":40,"column":16}},"5":{"start":{"line":61,"column":0},"end":{"line":61,"column":16}},"6":{"start":{"line":1,"column":0},"end":{"line":1,"column":54}},"7":{"start":{"line":4,"column":15},"end":{"line":4,"column":33}},"8":{"start":{"line":7,"column":4},"end":{"line":14,"column":7}},"9":{"start":{"line":18,"column":4},"end":{"line":18,"column":34}},"10":{"start":{"line":22,"column":4},"end":{"line":26,"column":7}},"11":{"start":{"line":30,"column":4},"end":{"line":37,"column":7}},"12":{"start":{"line":47,"column":4},"end":{"line":47,"column":null}},"13":{"start":{"line":48,"column":4},"end":{"line":58,"column":7}},"14":{"start":{"line":62,"column":4},"end":{"line":66,"column":7}}},"fnMap":{"0":{"name":"createTaskInDb","decl":{"start":{"line":6,"column":16},"end":{"line":6,"column":30}},"loc":{"start":{"line":6,"column":118},"end":{"line":15,"column":1}}},"1":{"name":"getAllTasksFromDb","decl":{"start":{"line":17,"column":16},"end":{"line":17,"column":33}},"loc":{"start":{"line":17,"column":33},"end":{"line":19,"column":1}}},"2":{"name":"getTaskByIdFromDb","decl":{"start":{"line":21,"column":16},"end":{"line":21,"column":33}},"loc":{"start":{"line":21,"column":49},"end":{"line":27,"column":1}}},"3":{"name":"getTaskByUserIdFromDb","decl":{"start":{"line":29,"column":16},"end":{"line":29,"column":37}},"loc":{"start":{"line":29,"column":53},"end":{"line":38,"column":1}}},"4":{"name":"updateTaskInDb","decl":{"start":{"line":40,"column":16},"end":{"line":40,"column":30}},"loc":{"start":{"line":46,"column":45},"end":{"line":59,"column":1}}},"5":{"name":"deleteTaskFromDb","decl":{"start":{"line":61,"column":16},"end":{"line":61,"column":32}},"loc":{"start":{"line":61,"column":43},"end":{"line":67,"column":1}}}},"branchMap":{"0":{"loc":{"start":{"line":6,"column":83},"end":{"line":6,"column":118}},"type":"default-arg","locations":[{"start":{"line":6,"column":100},"end":{"line":6,"column":118}}]},"1":{"loc":{"start":{"line":54,"column":16},"end":{"line":54,"column":46}},"type":"binary-expr","locations":[{"start":{"line":54,"column":16},"end":{"line":54,"column":27}},{"start":{"line":54,"column":31},"end":{"line":54,"column":46}}]},"2":{"loc":{"start":{"line":55,"column":16},"end":{"line":55,"column":34}},"type":"binary-expr","locations":[{"start":{"line":55,"column":16},"end":{"line":55,"column":21}},{"start":{"line":55,"column":25},"end":{"line":55,"column":34}}]},"3":{"loc":{"start":{"line":56,"column":16},"end":{"line":56,"column":36}},"type":"binary-expr","locations":[{"start":{"line":56,"column":16},"end":{"line":56,"column":22}},{"start":{"line":56,"column":26},"end":{"line":56,"column":36}}]}},"s":{"0":5,"1":5,"2":5,"3":5,"4":5,"5":5,"6":5,"7":5,"8":0,"9":1,"10":0,"11":1,"12":0,"13":0,"14":0},"f":{"0":0,"1":1,"2":0,"3":1,"4":0,"5":0},"b":{"0":[0],"1":[0,0],"2":[0,0],"3":[0,0]}}
,"/Users/admin/Documents/sites/Fullstack-React-Node-Test/backend/src/models/user.model.ts": {"path":"/Users/admin/Documents/sites/Fullstack-React-Node-Test/backend/src/models/user.model.ts","statementMap":{"0":{"start":{"line":6,"column":0},"end":{"line":6,"column":16}},"1":{"start":{"line":18,"column":0},"end":{"line":18,"column":16}},"2":{"start":{"line":22,"column":0},"end":{"line":22,"column":16}},"3":{"start":{"line":30,"column":0},"end":{"line":30,"column":16}},"4":{"start":{"line":38,"column":0},"end":{"line":38,"column":16}},"5":{"start":{"line":57,"column":0},"end":{"line":57,"column":16}},"6":{"start":{"line":1,"column":0},"end":{"line":1,"column":54}},"7":{"start":{"line":4,"column":15},"end":{"line":4,"column":33}},"8":{"start":{"line":7,"column":4},"end":{"line":7,"column":null}},"9":{"start":{"line":9,"column":4},"end":{"line":15,"column":7}},"10":{"start":{"line":19,"column":4},"end":{"line":19,"column":34}},"11":{"start":{"line":23,"column":4},"end":{"line":27,"column":7}},"12":{"start":{"line":31,"column":4},"end":{"line":35,"column":7}},"13":{"start":{"line":45,"column":4},"end":{"line":54,"column":7}},"14":{"start":{"line":58,"column":4},"end":{"line":62,"column":7}}},"fnMap":{"0":{"name":"createUserInDb","decl":{"start":{"line":6,"column":16},"end":{"line":6,"column":30}},"loc":{"start":{"line":6,"column":76},"end":{"line":16,"column":1}}},"1":{"name":"getAllUsersFromDb","decl":{"start":{"line":18,"column":16},"end":{"line":18,"column":33}},"loc":{"start":{"line":18,"column":33},"end":{"line":20,"column":1}}},"2":{"name":"getUserByIdFromDb","decl":{"start":{"line":22,"column":16},"end":{"line":22,"column":33}},"loc":{"start":{"line":22,"column":49},"end":{"line":28,"column":1}}},"3":{"name":"getUserByEmailFromDb","decl":{"start":{"line":30,"column":16},"end":{"line":30,"column":36}},"loc":{"start":{"line":30,"column":55},"end":{"line":36,"column":1}}},"4":{"name":"updateUserInDb","decl":{"start":{"line":38,"column":16},"end":{"line":38,"column":30}},"loc":{"start":{"line":43,"column":45},"end":{"line":55,"column":1}}},"5":{"name":"deleteUserFromDb","decl":{"start":{"line":57,"column":16},"end":{"line":57,"column":32}},"loc":{"start":{"line":57,"column":43},"end":{"line":63,"column":1}}}},"branchMap":{"0":{"loc":{"start":{"line":50,"column":16},"end":{"line":50,"column":32}},"type":"binary-expr","locations":[{"start":{"line":50,"column":16},"end":{"line":50,"column":20}},{"start":{"line":50,"column":24},"end":{"line":50,"column":32}}]},"1":{"loc":{"start":{"line":51,"column":16},"end":{"line":51,"column":34}},"type":"binary-expr","locations":[{"start":{"line":51,"column":16},"end":{"line":51,"column":21}},{"start":{"line":51,"column":25},"end":{"line":51,"column":34}}]},"2":{"loc":{"start":{"line":52,"column":16},"end":{"line":52,"column":40}},"type":"binary-expr","locations":[{"start":{"line":52,"column":16},"end":{"line":52,"column":24}},{"start":{"line":52,"column":28},"end":{"line":52,"column":40}}]}},"s":{"0":5,"1":5,"2":5,"3":5,"4":5,"5":5,"6":5,"7":5,"8":1,"9":1,"10":0,"11":0,"12":0,"13":0,"14":0},"f":{"0":1,"1":0,"2":0,"3":0,"4":0,"5":0},"b":{"0":[0,0],"1":[0,0],"2":[0,0]}}
,"/Users/admin/Documents/sites/Fullstack-React-Node-Test/backend/src/routes/auth.route.ts": {"path":"/Users/admin/Documents/sites/Fullstack-React-Node-Test/backend/src/routes/auth.route.ts","statementMap":{"0":{"start":{"line":1,"column":0},"end":{"line":1,"column":31}},"1":{"start":{"line":2,"column":0},"end":{"line":2,"column":57}},"2":{"start":{"line":4,"column":19},"end":{"line":4,"column":27}},"3":{"start":{"line":6,"column":0},"end":{"line":11,"column":3}},"4":{"start":{"line":7,"column":30},"end":{"line":7,"column":38}},"5":{"start":{"line":9,"column":19},"end":{"line":9,"column":51}},"6":{"start":{"line":10,"column":4},"end":{"line":10,"column":21}},"7":{"start":{"line":13,"column":0},"end":{"line":13,"column":26}}},"fnMap":{"0":{"name":"(anonymous_0)","decl":{"start":{"line":6,"column":26},"end":{"line":6,"column":31}},"loc":{"start":{"line":6,"column":45},"end":{"line":11,"column":1}}}},"branchMap":{},"s":{"0":5,"1":5,"2":5,"3":5,"4":5,"5":5,"6":4,"7":5},"f":{"0":5},"b":{}}
,"/Users/admin/Documents/sites/Fullstack-React-Node-Test/backend/src/routes/index.ts": {"path":"/Users/admin/Documents/sites/Fullstack-React-Node-Test/backend/src/routes/index.ts","statementMap":{"0":{"start":{"line":1,"column":0},"end":{"line":1,"column":33}},"1":{"start":{"line":2,"column":0},"end":{"line":2,"column":38}},"2":{"start":{"line":3,"column":0},"end":{"line":3,"column":38}},"3":{"start":{"line":4,"column":0},"end":{"line":4,"column":43}},"4":{"start":{"line":5,"column":0},"end":{"line":5,"column":38}},"5":{"start":{"line":6,"column":15},"end":{"line":6,"column":23}},"6":{"start":{"line":8,"column":0},"end":{"line":10,"column":3}},"7":{"start":{"line":9,"column":4},"end":{"line":9,"column":49}},"8":{"start":{"line":13,"column":0},"end":{"line":13,"column":42}},"9":{"start":{"line":14,"column":0},"end":{"line":14,"column":33}},"10":{"start":{"line":15,"column":0},"end":{"line":15,"column":32}},"11":{"start":{"line":17,"column":0},"end":{"line":17,"column":22}}},"fnMap":{"0":{"name":"(anonymous_1)","decl":{"start":{"line":8,"column":16},"end":{"line":8,"column":17}},"loc":{"start":{"line":8,"column":29},"end":{"line":10,"column":1}}}},"branchMap":{},"s":{"0":5,"1":5,"2":5,"3":5,"4":5,"5":5,"6":5,"7":2,"8":5,"9":5,"10":5,"11":5},"f":{"0":2},"b":{}}
,"/Users/admin/Documents/sites/Fullstack-React-Node-Test/backend/src/routes/task.route.ts": {"path":"/Users/admin/Documents/sites/Fullstack-React-Node-Test/backend/src/routes/task.route.ts","statementMap":{"0":{"start":{"line":1,"column":0},"end":{"line":1,"column":33}},"1":{"start":{"line":2,"column":0},"end":{"line":2,"column":118}},"2":{"start":{"line":4,"column":19},"end":{"line":4,"column":27}},"3":{"start":{"line":6,"column":0},"end":{"line":12,"column":3}},"4":{"start":{"line":7,"column":33},"end":{"line":7,"column":41}},"5":{"start":{"line":8,"column":19},"end":{"line":8,"column":41}},"6":{"start":{"line":10,"column":19},"end":{"line":10,"column":63}},"7":{"start":{"line":11,"column":4},"end":{"line":11,"column":21}},"8":{"start":{"line":14,"column":0},"end":{"line":18,"column":3}},"9":{"start":{"line":16,"column":19},"end":{"line":16,"column":35}},"10":{"start":{"line":17,"column":4},"end":{"line":17,"column":21}},"11":{"start":{"line":20,"column":0},"end":{"line":24,"column":3}},"12":{"start":{"line":21,"column":20},"end":{"line":21,"column":36}},"13":{"start":{"line":22,"column":19},"end":{"line":22,"column":57}},"14":{"start":{"line":23,"column":4},"end":{"line":23,"column":21}},"15":{"start":{"line":27,"column":0},"end":{"line":31,"column":3}},"16":{"start":{"line":28,"column":22},"end":{"line":28,"column":32}},"17":{"start":{"line":29,"column":19},"end":{"line":29,"column":49}},"18":{"start":{"line":30,"column":4},"end":{"line":30,"column":21}},"19":{"start":{"line":34,"column":0},"end":{"line":40,"column":null}},"20":{"start":{"line":35,"column":22},"end":{"line":35,"column":32}},"21":{"start":{"line":36,"column":41},"end":{"line":36,"column":49}},"22":{"start":{"line":37,"column":19},"end":{"line":37,"column":41}},"23":{"start":{"line":38,"column":19},"end":{"line":38,"column":94}},"24":{"start":{"line":39,"column":4},"end":{"line":39,"column":21}},"25":{"start":{"line":42,"column":0},"end":{"line":46,"column":3}},"26":{"start":{"line":43,"column":22},"end":{"line":43,"column":32}},"27":{"start":{"line":44,"column":19},"end":{"line":44,"column":52}},"28":{"start":{"line":45,"column":4},"end":{"line":45,"column":21}},"29":{"start":{"line":48,"column":0},"end":{"line":48,"column":26}}},"fnMap":{"0":{"name":"(anonymous_0)","decl":{"start":{"line":6,"column":27},"end":{"line":6,"column":32}},"loc":{"start":{"line":6,"column":46},"end":{"line":12,"column":1}}},"1":{"name":"(anonymous_1)","decl":{"start":{"line":14,"column":20},"end":{"line":14,"column":25}},"loc":{"start":{"line":14,"column":39},"end":{"line":18,"column":1}}},"2":{"name":"(anonymous_2)","decl":{"start":{"line":20,"column":24},"end":{"line":20,"column":29}},"loc":{"start":{"line":20,"column":43},"end":{"line":24,"column":1}}},"3":{"name":"(anonymous_3)","decl":{"start":{"line":27,"column":28},"end":{"line":27,"column":33}},"loc":{"start":{"line":27,"column":47},"end":{"line":31,"column":1}}},"4":{"name":"(anonymous_4)","decl":{"start":{"line":34,"column":28},"end":{"line":34,"column":33}},"loc":{"start":{"line":34,"column":47},"end":{"line":40,"column":1}}},"5":{"name":"(anonymous_5)","decl":{"start":{"line":42,"column":31},"end":{"line":42,"column":36}},"loc":{"start":{"line":42,"column":50},"end":{"line":46,"column":1}}}},"branchMap":{"0":{"loc":{"start":{"line":8,"column":19},"end":{"line":8,"column":41}},"type":"binary-expr","locations":[{"start":{"line":8,"column":19},"end":{"line":8,"column":35}},{"start":{"line":8,"column":39},"end":{"line":8,"column":41}}]},"1":{"loc":{"start":{"line":37,"column":19},"end":{"line":37,"column":41}},"type":"binary-expr","locations":[{"start":{"line":37,"column":19},"end":{"line":37,"column":35}},{"start":{"line":37,"column":39},"end":{"line":37,"column":41}}]}},"s":{"0":5,"1":5,"2":5,"3":5,"4":2,"5":2,"6":2,"7":2,"8":5,"9":2,"10":2,"11":5,"12":2,"13":2,"14":2,"15":5,"16":1,"17":1,"18":1,"19":5,"20":1,"21":1,"22":1,"23":1,"24":1,"25":5,"26":1,"27":1,"28":1,"29":5},"f":{"0":2,"1":2,"2":2,"3":1,"4":1,"5":1},"b":{"0":[2,0],"1":[1,0]}}
,"/Users/admin/Documents/sites/Fullstack-React-Node-Test/backend/src/routes/user.route.ts": {"path":"/Users/admin/Documents/sites/Fullstack-React-Node-Test/backend/src/routes/user.route.ts","statementMap":{"0":{"start":{"line":1,"column":0},"end":{"line":1,"column":33}},"1":{"start":{"line":3,"column":0},"end":{"line":3,"column":116}},"2":{"start":{"line":4,"column":0},"end":{"line":4,"column":43}},"3":{"start":{"line":6,"column":19},"end":{"line":6,"column":27}},"4":{"start":{"line":8,"column":0},"end":{"line":13,"column":3}},"5":{"start":{"line":9,"column":36},"end":{"line":9,"column":44}},"6":{"start":{"line":11,"column":19},"end":{"line":11,"column":58}},"7":{"start":{"line":12,"column":4},"end":{"line":12,"column":21}},"8":{"start":{"line":15,"column":0},"end":{"line":19,"column":3}},"9":{"start":{"line":16,"column":4},"end":{"line":16,"column":22}},"10":{"start":{"line":17,"column":19},"end":{"line":17,"column":35}},"11":{"start":{"line":18,"column":4},"end":{"line":18,"column":21}},"12":{"start":{"line":21,"column":0},"end":{"line":25,"column":3}},"13":{"start":{"line":22,"column":19},"end":{"line":22,"column":41}},"14":{"start":{"line":23,"column":19},"end":{"line":23,"column":44}},"15":{"start":{"line":24,"column":4},"end":{"line":24,"column":21}},"16":{"start":{"line":27,"column":0},"end":{"line":32,"column":null}},"17":{"start":{"line":28,"column":22},"end":{"line":28,"column":32}},"18":{"start":{"line":29,"column":36},"end":{"line":29,"column":44}},"19":{"start":{"line":30,"column":19},"end":{"line":30,"column":81}},"20":{"start":{"line":31,"column":4},"end":{"line":31,"column":21}},"21":{"start":{"line":34,"column":0},"end":{"line":38,"column":3}},"22":{"start":{"line":35,"column":22},"end":{"line":35,"column":32}},"23":{"start":{"line":36,"column":19},"end":{"line":36,"column":52}},"24":{"start":{"line":37,"column":4},"end":{"line":37,"column":21}},"25":{"start":{"line":40,"column":0},"end":{"line":40,"column":26}}},"fnMap":{"0":{"name":"(anonymous_0)","decl":{"start":{"line":8,"column":27},"end":{"line":8,"column":32}},"loc":{"start":{"line":8,"column":46},"end":{"line":13,"column":1}}},"1":{"name":"(anonymous_1)","decl":{"start":{"line":15,"column":29},"end":{"line":15,"column":34}},"loc":{"start":{"line":15,"column":48},"end":{"line":19,"column":1}}},"2":{"name":"(anonymous_2)","decl":{"start":{"line":21,"column":42},"end":{"line":21,"column":47}},"loc":{"start":{"line":21,"column":61},"end":{"line":25,"column":1}}},"3":{"name":"(anonymous_3)","decl":{"start":{"line":27,"column":37},"end":{"line":27,"column":42}},"loc":{"start":{"line":27,"column":56},"end":{"line":32,"column":1}}},"4":{"name":"(anonymous_4)","decl":{"start":{"line":34,"column":40},"end":{"line":34,"column":45}},"loc":{"start":{"line":34,"column":59},"end":{"line":38,"column":1}}}},"branchMap":{"0":{"loc":{"start":{"line":22,"column":19},"end":{"line":22,"column":41}},"type":"binary-expr","locations":[{"start":{"line":22,"column":19},"end":{"line":22,"column":35}},{"start":{"line":22,"column":39},"end":{"line":22,"column":41}}]}},"s":{"0":5,"1":5,"2":5,"3":5,"4":5,"5":3,"6":3,"7":2,"8":5,"9":1,"10":1,"11":1,"12":5,"13":1,"14":1,"15":1,"16":5,"17":1,"18":1,"19":1,"20":1,"21":5,"22":1,"23":1,"24":1,"25":5},"f":{"0":3,"1":1,"2":1,"3":1,"4":1},"b":{"0":[1,0]}}
}
