TN:
SF:src/app.ts
FNF:0
FNH:0
DA:1,5
DA:2,5
DA:3,5
DA:4,5
DA:7,5
DA:9,5
DA:10,5
DA:11,5
DA:13,5
DA:15,5
LF:10
LH:10
BRF:0
BRH:0
end_of_record
TN:
SF:src/client.ts
FNF:0
FNH:0
DA:1,0
DA:3,0
DA:5,0
LF:3
LH:0
BRF:0
BRH:0
end_of_record
TN:
SF:src/errorHandler.ts
FN:4,(anonymous_0)
FNF:1
FNH:1
FNDA:3,(anonymous_0)
DA:2,5
DA:4,5
DA:10,3
DA:11,3
DA:13,3
DA:14,1
DA:15,0
DA:19,1
DA:20,1
DA:25,0
DA:30,2
LF:11
LH:9
BRDA:10,0,0,0
BRDA:10,0,1,3
BRDA:13,1,0,1
BRDA:13,1,1,2
BRDA:14,2,0,0
BRDA:14,2,1,1
BRDA:19,3,0,1
BRDA:19,3,1,0
BRF:8
BRH:5
end_of_record
TN:
SF:src/controllers/auth.controller.ts
FN:5,loginUser
FNF:1
FNH:1
FNDA:5,loginUser
DA:1,5
DA:2,5
DA:3,5
DA:5,5
DA:6,5
DA:8,5
DA:9,1
DA:12,4
DA:14,4
DA:15,0
DA:18,4
DA:20,4
LF:12
LH:11
BRDA:8,0,0,1
BRDA:8,0,1,4
BRDA:14,1,0,0
BRDA:14,1,1,4
BRF:4
BRH:3
end_of_record
TN:
SF:src/controllers/task.controller.ts
FN:12,createTask
FN:18,getTasks
FN:22,getTask
FN:26,getTaskByUserId
FN:31,updateTask
FN:35,deleteTask
FNF:6
FNH:6
FNDA:2,createTask
FNDA:2,getTasks
FNDA:1,getTask
FNDA:2,getTaskByUserId
FNDA:1,updateTask
FNDA:1,deleteTask
DA:2,5
DA:12,5
DA:13,2
DA:15,2
DA:18,5
DA:19,2
DA:22,5
DA:23,1
DA:26,5
DA:27,2
DA:28,2
DA:31,5
DA:32,1
DA:35,5
DA:36,1
LF:15
LH:15
BRF:0
BRH:0
end_of_record
TN:
SF:src/controllers/user.controller.ts
FN:13,createUser
FN:23,getUsers
FN:27,getUserById
FN:31,loginUser
FN:47,updateUser
FN:51,deleteUser
FNF:6
FNH:5
FNDA:3,createUser
FNDA:1,getUsers
FNDA:1,getUserById
FNDA:0,loginUser
FNDA:1,updateUser
FNDA:1,deleteUser
DA:1,5
DA:3,5
DA:10,5
DA:13,5
DA:14,3
DA:16,3
DA:18,2
DA:20,2
DA:23,5
DA:24,1
DA:27,5
DA:28,1
DA:31,5
DA:32,0
DA:34,0
DA:35,0
DA:38,0
DA:40,0
DA:42,0
DA:47,5
DA:48,1
DA:51,5
DA:52,1
LF:23
LH:17
BRDA:34,0,0,0
BRDA:34,0,1,0
BRF:2
BRH:0
end_of_record
TN:
SF:src/middleware/auth.ts
FN:7,protect
FNF:1
FNH:1
FNDA:28,protect
DA:3,5
DA:5,5
DA:7,5
DA:8,28
DA:10,28
DA:11,14
DA:15,14
DA:16,14
DA:17,14
DA:18,13
DA:20,13
DA:22,1
LF:12
LH:12
BRDA:10,0,0,14
BRDA:10,0,1,14
BRF:2
BRH:2
end_of_record
TN:
SF:src/models/task.model.ts
FN:6,createTaskInDb
FN:17,getAllTasksFromDb
FN:21,getTaskByIdFromDb
FN:29,getTaskByUserIdFromDb
FN:40,updateTaskInDb
FN:61,deleteTaskFromDb
FNF:6
FNH:2
FNDA:0,createTaskInDb
FNDA:1,getAllTasksFromDb
FNDA:0,getTaskByIdFromDb
FNDA:1,getTaskByUserIdFromDb
FNDA:0,updateTaskInDb
FNDA:0,deleteTaskFromDb
DA:1,5
DA:4,5
DA:6,5
DA:7,0
DA:17,5
DA:18,1
DA:21,5
DA:22,0
DA:29,5
DA:30,1
DA:40,5
DA:47,0
DA:48,0
DA:61,5
DA:62,0
LF:15
LH:10
BRDA:6,0,0,0
BRDA:54,1,0,0
BRDA:54,1,1,0
BRDA:55,2,0,0
BRDA:55,2,1,0
BRDA:56,3,0,0
BRDA:56,3,1,0
BRF:7
BRH:0
end_of_record
TN:
SF:src/models/user.model.ts
FN:6,createUserInDb
FN:18,getAllUsersFromDb
FN:22,getUserByIdFromDb
FN:30,getUserByEmailFromDb
FN:38,updateUserInDb
FN:57,deleteUserFromDb
FNF:6
FNH:1
FNDA:1,createUserInDb
FNDA:0,getAllUsersFromDb
FNDA:0,getUserByIdFromDb
FNDA:0,getUserByEmailFromDb
FNDA:0,updateUserInDb
FNDA:0,deleteUserFromDb
DA:1,5
DA:4,5
DA:6,5
DA:7,1
DA:9,1
DA:18,5
DA:19,0
DA:22,5
DA:23,0
DA:30,5
DA:31,0
DA:38,5
DA:45,0
DA:57,5
DA:58,0
LF:15
LH:10
BRDA:50,0,0,0
BRDA:50,0,1,0
BRDA:51,1,0,0
BRDA:51,1,1,0
BRDA:52,2,0,0
BRDA:52,2,1,0
BRF:6
BRH:0
end_of_record
TN:
SF:src/routes/auth.route.ts
FN:6,(anonymous_0)
FNF:1
FNH:1
FNDA:5,(anonymous_0)
DA:1,5
DA:2,5
DA:4,5
DA:6,5
DA:7,5
DA:9,5
DA:10,4
DA:13,5
LF:8
LH:8
BRF:0
BRH:0
end_of_record
TN:
SF:src/routes/index.ts
FN:8,(anonymous_1)
FNF:1
FNH:1
FNDA:2,(anonymous_1)
DA:1,5
DA:2,5
DA:3,5
DA:4,5
DA:5,5
DA:6,5
DA:8,5
DA:9,2
DA:13,5
DA:14,5
DA:15,5
DA:17,5
LF:12
LH:12
BRF:0
BRH:0
end_of_record
TN:
SF:src/routes/task.route.ts
FN:6,(anonymous_0)
FN:14,(anonymous_1)
FN:20,(anonymous_2)
FN:27,(anonymous_3)
FN:34,(anonymous_4)
FN:42,(anonymous_5)
FNF:6
FNH:6
FNDA:2,(anonymous_0)
FNDA:2,(anonymous_1)
FNDA:2,(anonymous_2)
FNDA:1,(anonymous_3)
FNDA:1,(anonymous_4)
FNDA:1,(anonymous_5)
DA:1,5
DA:2,5
DA:4,5
DA:6,5
DA:7,2
DA:8,2
DA:10,2
DA:11,2
DA:14,5
DA:16,2
DA:17,2
DA:20,5
DA:21,2
DA:22,2
DA:23,2
DA:27,5
DA:28,1
DA:29,1
DA:30,1
DA:34,5
DA:35,1
DA:36,1
DA:37,1
DA:38,1
DA:39,1
DA:42,5
DA:43,1
DA:44,1
DA:45,1
DA:48,5
LF:30
LH:30
BRDA:8,0,0,2
BRDA:8,0,1,0
BRDA:37,1,0,1
BRDA:37,1,1,0
BRF:4
BRH:2
end_of_record
TN:
SF:src/routes/user.route.ts
FN:8,(anonymous_0)
FN:15,(anonymous_1)
FN:21,(anonymous_2)
FN:27,(anonymous_3)
FN:34,(anonymous_4)
FNF:5
FNH:5
FNDA:3,(anonymous_0)
FNDA:1,(anonymous_1)
FNDA:1,(anonymous_2)
FNDA:1,(anonymous_3)
FNDA:1,(anonymous_4)
DA:1,5
DA:3,5
DA:4,5
DA:6,5
DA:8,5
DA:9,3
DA:11,3
DA:12,2
DA:15,5
DA:16,1
DA:17,1
DA:18,1
DA:21,5
DA:22,1
DA:23,1
DA:24,1
DA:27,5
DA:28,1
DA:29,1
DA:30,1
DA:31,1
DA:34,5
DA:35,1
DA:36,1
DA:37,1
DA:40,5
LF:26
LH:26
BRDA:22,0,0,1
BRDA:22,0,1,0
BRF:2
BRH:1
end_of_record
